<?xml version='1.0' encoding='UTF-8'?>
<testsuite hostname="DESKTOP-69N0ELQ" name="com.textmatcher.DistributedMatcherTest" tests="4" errors="0" failures="0" skipped="0" time="3.069" timestamp="2025-01-26T16:54:10">
          <properties>
      <property name="java.specification.version" value="17"/><property name="sun.cpu.isalist" value="amd64"/><property name="sun.jnu.encoding" value="Cp1252"/><property name="sun.arch.data.model" value="64"/><property name="java.vendor.url" value="https://adoptium.net/"/><property name="sun.boot.library.path" value="C:\Program Files\Eclipse Adoptium\jdk-17.0.14.7-hotspot\bin"/><property name="sun.java.command" value="xsbt.boot.Boot test"/><property name="jdk.debug" value="release"/><property name="sun.stderr.encoding" value="cp850"/><property name="java.specification.vendor" value="Oracle Corporation"/><property name="java.version.date" value="2025-01-21"/><property name="java.home" value="C:\Program Files\Eclipse Adoptium\jdk-17.0.14.7-hotspot"/><property name="file.separator" value="\"/><property name="java.vm.compressedOopsMode" value="32-bit"/><property name="line.separator" value="
"/><property name="sun.stdout.encoding" value="cp850"/><property name="java.vm.specification.vendor" value="Oracle Corporation"/><property name="java.specification.name" value="Java Platform API Specification"/><property name="user.script" value=""/><property name="sun.management.compiler" value="HotSpot 64-Bit Tiered Compilers"/><property name="java.runtime.version" value="17.0.14+7"/><property name="user.name" value="Analyst05"/><property name="log4j.ignoreTCL" value="true"/><property name="file.encoding" value="UTF-8"/><property name="jnidispatch.path" value="C:\Users\ANALYS~1\AppData\Local\Temp\jna-310929895\jna5359433889151904216.dll"/><property name="java.vendor.version" value="Temurin-17.0.14+7"/><property name="jna.loaded" value="true"/><property name="java.io.tmpdir" value="C:\Users\ANALYS~1\AppData\Local\Temp\"/><property name="java.version" value="17.0.14"/><property name="java.vm.specification.name" value="Java Virtual Machine Specification"/><property name="sun.os.patch.level" value=""/><property name="native.encoding" value="Cp1252"/><property name="java.library.path" value="C:\Program Files\Eclipse Adoptium\jdk-17.0.14.7-hotspot\bin;C:\WINDOWS\Sun\Java\bin;C:\WINDOWS\system32;C:\WINDOWS;C:\Program Files\Eclipse Adoptium\jdk-17.0.14.7-hotspot\bin;c:\Users\Analyst05\AppData\Local\Programs\cursor\resources\app\bin;C:\WINDOWS\system32;C:\WINDOWS;C:\WINDOWS\System32\Wbem;C:\WINDOWS\System32\WindowsPowerShell\v1.0\;C:\WINDOWS\System32\OpenSSH\;C:\Program Files\dotnet\;C:\Users\Analyst05\AppData\Local\Programs\Python\Python312;C:\Users\Analyst05\AppData\Local\Programs\Python\Python312\Scripts;C:\Program Files\Git\cmd;C:\Program Files\CMake\bin;C:\Users\Analyst05\AppData\Local\Programs\Python\Python39\Scripts\;C:\Users\Analyst05\AppData\Local\Programs\Python\Python39\;C:\Users\Analyst05\AppData\Local\Programs\Python\Launcher\;C:\Users\Analyst05\AppData\Local\Microsoft\WindowsApps;C:\Users\Analyst05\AppData\Local\Programs\Ollama;C:\Program Files\netCDF 4.9.2\bin;C:\msys64\ucrt64\bin;;c:\Users\Analyst05\AppData\Local\Programs\cursor\resources\app\bin;c:\Users\Analyst05\AppData\Local\Programs\cursor\resources\app\bin;C:\Program Files\Docker\Docker\resources\bin;C:\Program Files (x86)\sbt\bin;C:\Users\Analyst05\AppData\Local\Programs\Python\Python39\Scripts\;C:\Users\Analyst05\AppData\Local\Programs\Python\Python39\;C:\Users\Analyst05\AppData\Local\Programs\Python\Launcher\;C:\Users\Analyst05\AppData\Local\Microsoft\WindowsApps;C:\Users\Analyst05\AppData\Local\Programs\Microsoft VS Code\bin;C:\Users\Analyst05\AppData\Local\Programs\Ollama;C:\Program Files\netCDF 4.9.2\bin;C:\msys64\ucrt64\bin;;c:\Users\Analyst05\AppData\Roaming\Code\User\globalStorage\github.copilot-chat\debugCommand;."/><property name="java.vendor" value="Eclipse Adoptium"/><property name="java.specification.maintenance.version" value="1"/><property name="scala.ext.dirs" value="C:\Users\Analyst05\.sbt\1.0\java9-rt-ext-eclipse_adoptium_17_0_14"/><property name="sun.io.unicode.encoding" value="UnicodeLittle"/><property name="java.class.path" value="C:\Program Files (x86)\sbt\\bin\sbt-launch.jar"/><property name="java.vm.vendor" value="Eclipse Adoptium"/><property name="user.variant" value=""/><property name="jline.shutdownhook" value="false"/><property name="user.timezone" value="Europe/Berlin"/><property name="java.vm.specification.version" value="17"/><property name="os.name" value="Windows 10"/><property name="sun.java.launcher" value="SUN_STANDARD"/><property name="user.country" value="DE"/><property name="sun.cpu.endian" value="little"/><property name="user.home" value="C:\Users\Analyst05"/><property name="user.language" value="de"/><property name="sbt.ipcsocket.tmpdir" value="C:\Users\ANALYS~1\AppData\Local\Temp\.sbtf84e6fb7\ipcsocket"/><property name="swoval.tmpdir" value="C:\Users\ANALYS~1\AppData\Local\Temp\.sbtf84e6fb7\swoval"/><property name="jline.esc.timeout" value="0"/><property name="path.separator" value=";"/><property name="os.version" value="10.0"/><property name="jna.nosys" value="true"/><property name="java.runtime.name" value="OpenJDK Runtime Environment"/><property name="java.vm.name" value="OpenJDK 64-Bit Server VM"/><property name="java.vendor.url.bug" value="https://github.com/adoptium/adoptium-support/issues"/><property name="user.dir" value="C:\Users\Analyst05\OneDrive - The Analysts GmbH\Dokumente\Python Programme\ACM-SIGMOD\spark-matcher"/><property name="os.arch" value="amd64"/><property name="java.vm.info" value="mixed mode, sharing"/><property name="java.vm.version" value="17.0.14+7"/><property name="java.class.version" value="61.0"/>
    </properties>
          <testcase classname="com.textmatcher.DistributedMatcherTest" name="handle exact matches" time="1.916">
                      
                    </testcase><testcase classname="com.textmatcher.DistributedMatcherTest" name="handle Hamming distance matches" time="0.276">
                      
                    </testcase><testcase classname="com.textmatcher.DistributedMatcherTest" name="handle edit distance matches" time="0.32">
                      
                    </testcase><testcase classname="com.textmatcher.DistributedMatcherTest" name="batch process documents" time="0.557">
                      
                    </testcase>
          <system-out><![CDATA[]]></system-out>
          <system-err><![CDATA[]]></system-err>
        </testsuite>